<?xml version="1.0" encoding="UTF-8"?>
<testng-results ignored="0" total="1" passed="1" failed="0" skipped="0">
  <reporter-output>
  </reporter-output>
  <suite started-at="2022-12-07T08:16:08 IST" name="Default suite" finished-at="2022-12-07T08:16:13 IST" duration-ms="5290">
    <groups>
    </groups>
    <test started-at="2022-12-07T08:16:08 IST" name="Default test" finished-at="2022-12-07T08:16:13 IST" duration-ms="5290">
      <class name="testCases.test">
        <test-method signature="method1()[pri:0, instance:testCases.test@16a0ee18]" started-at="2022-12-07T08:16:08 IST" name="method1" finished-at="2022-12-07T08:16:13 IST" duration-ms="5217" status="PASS">
          <reporter-output>
          </reporter-output>
        </test-method> <!-- method1 -->
      </class> <!-- testCases.test -->
    </test> <!-- Default test -->
  </suite> <!-- Default suite -->
</testng-results>
